[     608ms] [ERROR] Error retrieving a token. @ https://www.tiktok.com/@FortalezaInterior:0
[     662ms] Uncaught (in promise) TypeError: Cannot read properties of undefined (reading 'includes')
    at l.getConfigRegion (https://sf16-website-login.neutral.ttwstatic.com/obj/tiktok_web_login_static/tiktok/webapp/main/react-v18/webapp-desktop/static/js/secsdk_runtime_bundler_1104_278fdf08.js:4:25349)
    at l.gerReportUrl (https://sf16-website-login.neutral.ttwstatic.com/obj/tiktok_web_login_static/tiktok/webapp/main/react-v18/webapp-desktop/static/js/secsdk_runtime_bundler_1104_278fdf08.js:4:25458)
    at <anonymous> (https://sf16-website-login.neutral.ttwstatic.com/obj/tiktok_web_login_static/tiktok/webapp/main/react-v18/webapp-desktop/static/js/secsdk_runtime_bundler_1104_278fdf08.js:4:27736)
    at f (https://sf16-website-login.neutral.ttwstatic.com/obj/tiktok_web_login_static/tiktok/webapp/main/react-v18/webapp-desktop/static/js/secsdk_runtime_bundler_1104_278fdf08.js:4:3652)
    at <anonymous> (https://sf16-website-login.neutral.ttwstatic.com/obj/tiktok_web_login_static/tiktok/webapp/main/react-v18/webapp-desktop/static/js/secsdk_runtime_bundler_1104_278fdf08.js:4:4998)
    at <anonymous> (https://sf16-website-login.neutral.ttwstatic.com/obj/tiktok_web_login_static/tiktok/webapp/main/react-v18/webapp-desktop/static/js/secsdk_runtime_bundler_1104_278fdf08.js:4:4081)
    at a (https://sf16-website-login.neutral.ttwstatic.com/obj/tiktok_web_login_static/tiktok/webapp/main/react-v18/webapp-desktop/static/js/secsdk_runtime_bundler_1104_278fdf08.js:4:457)
    at c (https://sf16-website-login.neutral.ttwstatic.com/obj/tiktok_web_login_static/tiktok/webapp/main/react-v18/webapp-desktop/static/js/secsdk_runtime_bundler_1104_278fdf08.js:4:660)
    at <anonymous> (https://sf16-website-login.neutral.ttwstatic.com/obj/tiktok_web_login_static/tiktok/webapp/main/react-v18/webapp-desktop/static/js/secsdk_runtime_bundler_1104_278fdf08.js:4:719)
    at <anonymous> (https://sf16-website-login.neutral.ttwstatic.com/obj/tiktok_web_login_static/tiktok/webapp/main/react-v18/webapp-desktop/static/js/secsdk_runtime_bundler_1104_278fdf08.js:4:600)
    at <anonymous> (https://sf16-website-login.neutral.ttwstatic.com/obj/tiktok_web_login_static/tiktok/webapp/main/react-v18/webapp-desktop/static/js/secsdk_runtime_bundler_1104_278fdf08.js:4:29201)
    at value (https://sf16-website-login.neutral.ttwstatic.com/obj/tiktok_web_login_static/tiktok/webapp/main/react-v18/webapp-desktop/static/js/secsdk_runtime_bundler_1104_278fdf08.js:4:27589)
    at value (https://sf16-website-login.neutral.ttwstatic.com/obj/tiktok_web_login_static/tiktok/webapp/main/react-v18/webapp-desktop/static/js/secsdk_runtime_bundler_1104_278fdf08.js:4:27184)
    at value (https://sf16-website-login.neutral.ttwstatic.com/obj/tiktok_web_login_static/tiktok/webapp/main/react-v18/webapp-desktop/static/js/secsdk_runtime_bundler_1104_278fdf08.js:4:42112)
    at value (https://sf16-website-login.neutral.ttwstatic.com/obj/tiktok_web_login_static/tiktok/webapp/main/react-v18/webapp-desktop/static/js/secsdk_runtime_bundler_1104_278fdf08.js:4:42419)
    at window.registToModule (https://sf16-website-login.neutral.ttwstatic.com/obj/tiktok_web_login_static/tiktok/webapp/main/react-v18/webapp-desktop/static/js/secsdk_runtime_bundler_1104_278fdf08.js:4:16240)
    at <anonymous> (https://sf16-website-login.neutral.ttwstatic.com/obj/tiktok_web_login_static/tiktok/webapp/main/react-v18/webapp-desktop/static/js/secsdk_runtime_bundler_1104_278fdf08.js:29:67)
[     662ms] Uncaught TypeError: Cannot read properties of undefined (reading 'includes')
    at l.getConfigRegion (https://sf16-website-login.neutral.ttwstatic.com/obj/tiktok_web_login_static/tiktok/webapp/main/react-v18/webapp-desktop/static/js/secsdk_runtime_bundler_1104_278fdf08.js:4:25349)
    at l.gerReportUrl (https://sf16-website-login.neutral.ttwstatic.com/obj/tiktok_web_login_static/tiktok/webapp/main/react-v18/webapp-desktop/static/js/secsdk_runtime_bundler_1104_278fdf08.js:4:25458)
    at <anonymous> (https://sf16-website-login.neutral.ttwstatic.com/obj/tiktok_web_login_static/tiktok/webapp/main/react-v18/webapp-desktop/static/js/secsdk_runtime_bundler_1104_278fdf08.js:4:35220)
    at s (https://sf16-website-login.neutral.ttwstatic.com/obj/tiktok_web_login_static/tiktok/webapp/main/react-v18/webapp-desktop/static/js/secsdk_runtime_bundler_1104_278fdf08.js:4:35120)
[     670ms] [INFO] . @ https://sf16-website-login.neutral.ttwstatic.com/obj/tiktok_web_login_static/webmssdk/1.0.0.368/webmssdk.js:0
[     680ms] [WARNING] Reflect is already polyfilled. @ https://sf16-website-login.neutral.ttwstatic.com/obj/tiktok_web_login_static/tiktok/webapp/main/react-v18/webapp-desktop/static/js/webapp-desktop.abf30f85.js:0
[     722ms] [WARNING] AppContext will be overwritten @ https://sf16-website-login.neutral.ttwstatic.com/obj/tiktok_web_login_static/tiktok/webapp/main/react-v18/webapp-desktop/static/js/webapp-desktop.abf30f85.js:0
[     722ms] [WARNING] AppContext will be overwritten @ https://sf16-website-login.neutral.ttwstatic.com/obj/tiktok_web_login_static/tiktok/webapp/main/react-v18/webapp-desktop/static/js/webapp-desktop.abf30f85.js:0
[     722ms] [WARNING] AppContext will be overwritten @ https://sf16-website-login.neutral.ttwstatic.com/obj/tiktok_web_login_static/tiktok/webapp/main/react-v18/webapp-desktop/static/js/webapp-desktop.abf30f85.js:0
[     723ms] [WARNING] AppContext will be overwritten @ https://sf16-website-login.neutral.ttwstatic.com/obj/tiktok_web_login_static/tiktok/webapp/main/react-v18/webapp-desktop/static/js/webapp-desktop.abf30f85.js:0
[     723ms] [WARNING] AppContext will be overwritten @ https://sf16-website-login.neutral.ttwstatic.com/obj/tiktok_web_login_static/tiktok/webapp/main/react-v18/webapp-desktop/static/js/webapp-desktop.abf30f85.js:0
[     724ms] [WARNING] AppContext will be overwritten @ https://sf16-website-login.neutral.ttwstatic.com/obj/tiktok_web_login_static/tiktok/webapp/main/react-v18/webapp-desktop/static/js/webapp-desktop.abf30f85.js:0
[     724ms] [WARNING] AppContext will be overwritten @ https://sf16-website-login.neutral.ttwstatic.com/obj/tiktok_web_login_static/tiktok/webapp/main/react-v18/webapp-desktop/static/js/webapp-desktop.abf30f85.js:0
[     725ms] [WARNING] AppContext will be overwritten @ https://sf16-website-login.neutral.ttwstatic.com/obj/tiktok_web_login_static/tiktok/webapp/main/react-v18/webapp-desktop/static/js/webapp-desktop.abf30f85.js:0
[     725ms] [WARNING] AppContext will be overwritten @ https://sf16-website-login.neutral.ttwstatic.com/obj/tiktok_web_login_static/tiktok/webapp/main/react-v18/webapp-desktop/static/js/webapp-desktop.abf30f85.js:0
[     747ms] [WARNING] AppContext will be overwritten @ https://sf16-website-login.neutral.ttwstatic.com/obj/tiktok_web_login_static/tiktok/webapp/main/react-v18/webapp-desktop/static/js/webapp-desktop.abf30f85.js:0
[     749ms] [WARNING] AppContext will be overwritten @ https://sf16-website-login.neutral.ttwstatic.com/obj/tiktok_web_login_static/tiktok/webapp/main/react-v18/webapp-desktop/static/js/webapp-desktop.abf30f85.js:0
[     749ms] [WARNING] loadable: `loadableReady()` requires state, please use `getScriptTags` or `getScriptElements` server-side @ https://sf16-website-login.neutral.ttwstatic.com/obj/tiktok_web_login_static/tiktok/webapp/main/react-v18/webapp-desktop/static/js/82768.afed17f8.js:1
[     857ms] Uncaught TypeError: Cannot read properties of undefined (reading 'includes')
    at l.getConfigRegion (https://sf16-website-login.neutral.ttwstatic.com/obj/tiktok_web_login_static/tiktok/webapp/main/react-v18/webapp-desktop/static/js/secsdk_runtime_bundler_1104_278fdf08.js:4:25349)
    at l.gerReportUrl (https://sf16-website-login.neutral.ttwstatic.com/obj/tiktok_web_login_static/tiktok/webapp/main/react-v18/webapp-desktop/static/js/secsdk_runtime_bundler_1104_278fdf08.js:4:25458)
    at <anonymous> (https://sf16-website-login.neutral.ttwstatic.com/obj/tiktok_web_login_static/tiktok/webapp/main/react-v18/webapp-desktop/static/js/secsdk_runtime_bundler_1104_278fdf08.js:4:35220)
    at s (https://sf16-website-login.neutral.ttwstatic.com/obj/tiktok_web_login_static/tiktok/webapp/main/react-v18/webapp-desktop/static/js/secsdk_runtime_bundler_1104_278fdf08.js:4:35120)
[     860ms] [ERROR] Access to XMLHttpRequest at 'https://mon.tiktokv.com/monitor_web/settings/browser-settings?bid=webmssdk&store=1' from origin 'https://www.tiktok.com' has been blocked by CORS policy: Response to preflight request doesn't pass access control check: The value of the 'Access-Control-Allow-Credentials' header in the response is '' which must be 'true' when the request's credentials mode is 'include'. The credentials mode of requests initiated by the XMLHttpRequest is controlled by the withCredentials attribute. @ https://www.tiktok.com/@FortalezaInterior:0
[     861ms] [ERROR] Failed to load resource: net::ERR_FAILED @ https://mon.tiktokv.com/monitor_web/settings/browser-settings?bid=webmssdk&store=1:0
[    1004ms] [ERROR] Access to XMLHttpRequest at 'https://mon.tiktokv.com/monitor_web/settings/browser-settings?bid=pns_communication_service&store=1' from origin 'https://www.tiktok.com' has been blocked by CORS policy: Response to preflight request doesn't pass access control check: The value of the 'Access-Control-Allow-Credentials' header in the response is '' which must be 'true' when the request's credentials mode is 'include'. The credentials mode of requests initiated by the XMLHttpRequest is controlled by the withCredentials attribute. @ https://www.tiktok.com/@FortalezaInterior:0
[    1005ms] [ERROR] Failed to load resource: net::ERR_FAILED @ https://mon.tiktokv.com/monitor_web/settings/browser-settings?bid=pns_communication_service&store=1:0
[    1279ms] [ERROR] Access to XMLHttpRequest at 'https://mon.tiktokv.com/monitor_web/settings/browser-settings?bid=tiktok_webapp&store=1' from origin 'https://www.tiktok.com' has been blocked by CORS policy: Response to preflight request doesn't pass access control check: The value of the 'Access-Control-Allow-Credentials' header in the response is '' which must be 'true' when the request's credentials mode is 'include'. The credentials mode of requests initiated by the XMLHttpRequest is controlled by the withCredentials attribute. @ https://www.tiktok.com/@FortalezaInterior:0
[    1282ms] [ERROR] Failed to load resource: net::ERR_FAILED @ https://mon.tiktokv.com/monitor_web/settings/browser-settings?bid=tiktok_webapp&store=1:0
[    1758ms] [WARNING] [i18n] missing key [en] Webapp Close_button Close_button @ https://sf16-website-login.neutral.ttwstatic.com/obj/tiktok_web_login_static/tiktok/webapp/main/react-v18/webapp-desktop/static/js/biz.common.lib.edbb8e05.js:0
[    2434ms] [LOG] ws.opened @ https://sf16-website-login.neutral.ttwstatic.com/obj/tiktok_web_login_static/tiktok/webapp/main/react-v18/webapp-desktop/static/js/async/64887.182aa314.js:1
[    2436ms] Uncaught (in promise) TypeError: a.init is not a function
    at <anonymous> (https://sf16-website-login.neutral.ttwstatic.com/obj/tiktok_web_login_static/tiktok/webapp/main/react-v18/webapp-desktop/static/js/async/64887.182aa314.js:1:544240)
    at l (https://sf16-website-login.neutral.ttwstatic.com/obj/tiktok_web_login_static/tiktok/webapp/main/react-v18/webapp-desktop/static/js/async/64887.182aa314.js:1:537334)
    at <anonymous> (https://sf16-website-login.neutral.ttwstatic.com/obj/tiktok_web_login_static/tiktok/webapp/main/react-v18/webapp-desktop/static/js/async/64887.182aa314.js:1:538691)
    at <anonymous> (https://sf16-website-login.neutral.ttwstatic.com/obj/tiktok_web_login_static/tiktok/webapp/main/react-v18/webapp-desktop/static/js/async/64887.182aa314.js:1:537727)
    at <anonymous> (https://sf16-website-login.neutral.ttwstatic.com/obj/tiktok_web_login_static/tiktok/webapp/main/react-v18/webapp-desktop/static/js/82768.afed17f8.js:4:182402)
    at p (https://sf16-website-login.neutral.ttwstatic.com/obj/tiktok_web_login_static/tiktok/webapp/main/react-v18/webapp-desktop/static/js/82768.afed17f8.js:4:182199)
    at value (https://sf16-website-login.neutral.ttwstatic.com/obj/tiktok_web_login_static/tiktok/webapp/main/react-v18/webapp-desktop/static/js/async/64887.182aa314.js:1:543780)
    at value (https://sf16-website-login.neutral.ttwstatic.com/obj/tiktok_web_login_static/tiktok/webapp/main/react-v18/webapp-desktop/static/js/async/64887.182aa314.js:1:543659)
    at <anonymous> (https://sf16-website-login.neutral.ttwstatic.com/obj/tiktok_web_login_static/tiktok/webapp/main/react-v18/webapp-desktop/static/js/async/64887.182aa314.js:1:616447)
    at l (https://sf16-website-login.neutral.ttwstatic.com/obj/tiktok_web_login_static/tiktok/webapp/main/react-v18/webapp-desktop/static/js/async/64887.182aa314.js:1:608636)
    at <anonymous> (https://sf16-website-login.neutral.ttwstatic.com/obj/tiktok_web_login_static/tiktok/webapp/main/react-v18/webapp-desktop/static/js/async/64887.182aa314.js:1:609993)
    at <anonymous> (https://sf16-website-login.neutral.ttwstatic.com/obj/tiktok_web_login_static/tiktok/webapp/main/react-v18/webapp-desktop/static/js/async/64887.182aa314.js:1:609029)
    at a (https://sf16-website-login.neutral.ttwstatic.com/obj/tiktok_web_login_static/tiktok/webapp/main/react-v18/webapp-desktop/static/js/82768.afed17f8.js:4:182255)
[    2809ms] [WARNING] [TikTok desktop app SDK Monitor]:   WARN:[printFirstFeedShow]The current environment is not inside the client. @ https://sf16-website-login.neutral.ttwstatic.com/obj/tiktok_web_login_static/tiktok/webapp/main/react-v18/webapp-desktop/static/js/webapp-desktop.abf30f85.js:0
[    4313ms] [ERROR] Failed to load resource: the server responded with a status of 400 () @ https://www.tiktok.com/api/inbox/notice_count/?WebIdLastTime=1779462532&aid=1988&app_language=pt-BR&app_name=tiktok_web&browser_language=pt-BR&browser_name=Mozilla&browser_online=true&browser_platform=Win32&browser_version=5.0%20%28Windows%20NT%2010.0%3B%20Win64%3B%20x64%29%20AppleWebKit%2F537.36%20%28KHTML%2C%20like%20Gecko%29%20Chrome%2F148.0.0.0%20Safari%2F537.36&channel=tiktok_web&cookie_enabled=true&data_collection_enabled=false&device_id=7642733365616051730&device_platform=web_pc&focus_state=true&from_page=user&history_len=17&is_fullscreen=false&is_page_visible=true&odinId=7642733272150213650&os=windows&priority_region=&referer=&region=BR&screen_height=1080&screen_width=1920&tz_name=America%2FSao_Paulo&user_is_login=false&webcast_language=pt-BR&msToken=qFERBl0KxbQRNVhrcv6zLC1wZT44qpgC8zaZpPy67b-dOjHktJiAvNxZ4W1g5DDwS4lVquO4oKJdTHsQDuR5t_Pmk17ze_T9HOSnxQFtT2GX9Lh90oThKfIiesNaRW5MCGyZusrrtExYRg==&X-Bogus=DFSzsIVOCwbANaZyC5wxiQVRr3NH&X-Gnarly=Maa4vXUCnfOAX4JKE/RDxigcNQwRojOlXbdMfVxz6MyWQb/TwqPhFLIRTIZXwn6yKap3GFKH94QuOnuxYqkgvS2/phwzTUUAxQMbWjZQ-5rewOAzK9WO1LGA0d5Ep1AvYbUDQD0TDF0ow-Cbo-FrxGpYnrd5kDJ1LLud9-BIRMayTvbdu4rme1ZCagbrzIVXY51-GD4IkOvw7T54KyxNiLC4I5DuPb26tYbw3eDToUjLj6lRmWkx0eMUAwlHCKslwUjnBKMBVIYQus4gqvkbkBuZtKAN6MltW8YcBS4KG38TVAzGrSxz6s6s/lXuXUSGo4oSSKOe6u==:0
[    4719ms] [LOG] [browser check] %s, os:  Chrome Windows @ https://sf16-website-login.neutral.ttwstatic.com/obj/tiktok_web_login_static/tiktok/webapp/main/react-v18/webapp-desktop/static/js/async/30382.284c6c66.js:0
[    4762ms] [ERROR] Access to XMLHttpRequest at 'https://mon.tiktokv.com/monitor_web/settings/browser-settings?bid=pns_cookie_banner_slardar&store=1' from origin 'https://www.tiktok.com' has been blocked by CORS policy: Response to preflight request doesn't pass access control check: The value of the 'Access-Control-Allow-Credentials' header in the response is '' which must be 'true' when the request's credentials mode is 'include'. The credentials mode of requests initiated by the XMLHttpRequest is controlled by the withCredentials attribute. @ https://www.tiktok.com/@FortalezaInterior:0
[    4763ms] [ERROR] Failed to load resource: net::ERR_FAILED @ https://mon.tiktokv.com/monitor_web/settings/browser-settings?bid=pns_cookie_banner_slardar&store=1:0
[    4767ms] [ERROR] Access to XMLHttpRequest at 'https://mon.tiktokv.com/monitor_web/settings/browser-settings?bid=pns_consent_system&store=1' from origin 'https://www.tiktok.com' has been blocked by CORS policy: Response to preflight request doesn't pass access control check: The value of the 'Access-Control-Allow-Credentials' header in the response is '' which must be 'true' when the request's credentials mode is 'include'. The credentials mode of requests initiated by the XMLHttpRequest is controlled by the withCredentials attribute. @ https://www.tiktok.com/@FortalezaInterior:0
[    4768ms] [ERROR] Failed to load resource: net::ERR_FAILED @ https://mon.tiktokv.com/monitor_web/settings/browser-settings?bid=pns_consent_system&store=1:0
[    4770ms] [WARNING] InvalidCharacterError: Failed to execute 'atob' on 'Window': The string to be decoded is not correctly encoded.
    at i (https://sf16-website-login.neutral.ttwstatic.com/obj/tiktok_web_login_static/tiktok/webapp/main/react-v18/webapp-desktop/static/js/async/24640.bc5aaaeb.js:1:126156)
    at t.getLoginContext (https://sf16-website-login.neutral.ttwstatic.com/obj/tiktok_web_login_static/tiktok/webapp/main/react-v18/webapp-desktop/static/js/async/24640.bc5aaaeb.js:1:43546)
    at https://sf16-website-login.neutral.ttwstatic.com/obj/tiktok_web_login_static/tiktok/webapp/main/react-v18/webapp-desktop/static/js/async/24640.bc5aaaeb.js:1:39507
    at v (https://sf16-website-login.neutral.ttwstatic.com/obj/tiktok_web_login_static/tiktok/webapp/main/react-v18/webapp-desktop/static/js/npm-rxjs.c58b4b68.js:1:26563)
    at d (https://sf16-website-login.neutral.ttwstatic.com/obj/tiktok_web_login_static/tiktok/webapp/main/react-v18/webapp-desktop/static/js/npm-rxjs.c58b4b68.js:1:26511)
    at c._next (https://sf16-website-login.neutral.ttwstatic.com/obj/tiktok_web_login_static/tiktok/webapp/main/react-v18/webapp-desktop/static/js/npm-rxjs.c58b4b68.js:1:19794)
    at r.next (https://sf16-website-login.neutral.ttwstatic.com/obj/tiktok_web_login_static/tiktok/webapp/main/react-v18/webapp-desktop/static/js/npm-rxjs.c58b4b68.js:1:7426)
    at https://sf16-website-login.neutral.ttwstatic.com/obj/tiktok_web_login_static/tiktok/webapp/main/react-v18/webapp-desktop/static/js/npm-rxjs.c58b4b68.js:1:25858
    at c._next (https://sf16-website-login.neutral.ttwstatic.com/obj/tiktok_web_login_static/tiktok/webapp/main/react-v18/webapp-desktop/static/js/npm-rxjs.c58b4b68.js:1:19794)
    at r.next (https://sf16-website-login.neutral.ttwstatic.com/obj/tiktok_web_login_static/tiktok/webapp/main/react-v18/webapp-desktop/static/js/npm-rxjs.c58b4b68.js:1:7426) @ https://sf16-website-login.neutral.ttwstatic.com/obj/tiktok_web_login_static/tiktok/webapp/main/react-v18/webapp-desktop/static/js/async/24640.bc5aaaeb.js:0
[    4862ms] [WARNING] [GSI_LOGGER]: Your client application uses one of the Google One Tap prompt UI status methods that may stop functioning when FedCM becomes mandatory. Refer to the migration guide to update your code accordingly and opt-in to FedCM to test your changes. Learn more: https://developers.google.com/identity/gsi/web/guides/fedcm-migration?s=dc#display_moment and https://developers.google.com/identity/gsi/web/guides/fedcm-migration?s=dc#skipped_moment @ https://accounts.google.com/gsi/client:84
