[    6233ms] [ERROR] Refused to get unsafe header "X-Sg-Cs" @ https://www.google.com/search?q=blaze&oq=blaze&gs_lcrp=EgZjaHJvbWUyBggAEEUYOTIKCAEQABixAxiABDIKCAIQABixAxiABDIKCAMQABixAxiABDINCAQQABiDARixAxiABDIKCAUQABixAxiABDIKCAYQABixAxiABDIKCAcQABixAxiABDIKCAgQLhixAxiABDIKCAkQABixAxiABNIBCDIxMDNqMGo3qAIHsAIB8QWWbmFsbTt0yg&sourceid=chrome&ie=UTF-8&sei=WA8savHvO5bB5OUPm8ziYQ:44
[    6234ms] [ERROR] Refused to get unsafe header "X-Sorry-Redirect" @ https://www.google.com/search?q=blaze&oq=blaze&gs_lcrp=EgZjaHJvbWUyBggAEEUYOTIKCAEQABixAxiABDIKCAIQABixAxiABDIKCAMQABixAxiABDINCAQQABiDARixAxiABDIKCAUQABixAxiABDIKCAYQABixAxiABDIKCAcQABixAxiABDIKCAgQLhixAxiABDIKCAkQABixAxiABNIBCDIxMDNqMGo3qAIHsAIB8QWWbmFsbTt0yg&sourceid=chrome&ie=UTF-8&sei=WA8savHvO5bB5OUPm8ziYQ:44
[    6940ms] [ERROR] Refused to get unsafe header "X-Sg-Cs" @ https://www.google.com/search?q=blaze&oq=blaze&gs_lcrp=EgZjaHJvbWUyBggAEEUYOTIKCAEQABixAxiABDIKCAIQABixAxiABDIKCAMQABixAxiABDINCAQQABiDARixAxiABDIKCAUQABixAxiABDIKCAYQABixAxiABDIKCAcQABixAxiABDIKCAgQLhixAxiABDIKCAkQABixAxiABNIBCDIxMDNqMGo3qAIHsAIB8QWWbmFsbTt0yg&sourceid=chrome&ie=UTF-8&sei=WA8savHvO5bB5OUPm8ziYQ:44
[    6940ms] [ERROR] Refused to get unsafe header "X-Sorry-Redirect" @ https://www.google.com/search?q=blaze&oq=blaze&gs_lcrp=EgZjaHJvbWUyBggAEEUYOTIKCAEQABixAxiABDIKCAIQABixAxiABDIKCAMQABixAxiABDINCAQQABiDARixAxiABDIKCAUQABixAxiABDIKCAYQABixAxiABDIKCAcQABixAxiABDIKCAgQLhixAxiABDIKCAkQABixAxiABNIBCDIxMDNqMGo3qAIHsAIB8QWWbmFsbTt0yg&sourceid=chrome&ie=UTF-8&sei=WA8savHvO5bB5OUPm8ziYQ:44
[    7020ms] [WARNING] Failed to execute 'postMessage' on 'DOMWindow': The target origin provided ('https://www.youtube.com') does not match the recipient window's origin ('https://www.google.com'). @ https://www.youtube.com/s/player/959dabb2/www-widgetapi.vflset/www-widgetapi.js:209
[    7438ms] [ERROR] Failed to load resource: net::ERR_NAME_NOT_RESOLVED @ https://57480b3a-210d-44bb-b1a0-4250411bf3c3.snippet.antillephone.com/apg-seal.js:0
[    8056ms] [ERROR] Failed to load resource: the server responded with a status of 404 () @ https://blaze.bet.br/betbr-blaze-prodmanifest.json:0
[    8056ms] [ERROR] Manifest fetch from https://blaze.bet.br/betbr-blaze-prodmanifest.json failed, code 404 @ https://blaze.bet.br/pt/:0
[    8498ms] [WARNING] The AudioContext was not allowed to start. It must be resumed (or created) after a user gesture on the page. https://developer.chrome.com/blog/autoplay/#web_audio @ https://blaze.bet.br/static/js/vendors-44.c19922b5.js:1
[    8499ms] [WARNING] The AudioContext was not allowed to start. It must be resumed (or created) after a user gesture on the page. https://developer.chrome.com/blog/autoplay/#web_audio @ https://blaze.bet.br/static/js/vendors-44.c19922b5.js:1
[    8499ms] [WARNING] The AudioContext was not allowed to start. It must be resumed (or created) after a user gesture on the page. https://developer.chrome.com/blog/autoplay/#web_audio @ https://blaze.bet.br/static/js/vendors-44.c19922b5.js:1
[    8964ms] [LOG] false false false null @ https://blaze.bet.br/static/js/vendors-67.0160babc.js:0
[    9081ms] [LOG] %c STOP!  color: red; font-size:40px @ https://blaze.bet.br/static/js/index~1.5ce30184.js:0
[    9082ms] [LOG] %c This is a browser feature intended for developers. If someone told you to copy and paste something here to enable a Blaze feature or 'hack' someone's account, it is a scam and will give them access to your Blaze account.  color: white; font-size:18px @ https://blaze.bet.br/static/js/index~1.5ce30184.js:0
[    9082ms] [LOG] %c PARE!  color: red; font-size:40px @ https://blaze.bet.br/static/js/index~1.5ce30184.js:0
[    9082ms] [LOG] %c Este é um recurso do navegador destinado a desenvolvedores. Se alguém lhe disser para copiar e colar algo aqui para habilitar um recurso do Blaze ou 'hackear' a conta de alguém, isso é uma farsa e dará acesso à sua conta do Blaze.  color: white; font-size:18px @ https://blaze.bet.br/static/js/index~1.5ce30184.js:0
[    9793ms] [LOG] [Blaze] Client version: 7a90c1300, Server version: 2.2125.1-master.949 @ https://blaze.bet.br/static/js/index~5.0ac7916d.js:0
[    9942ms] [LOG] %c STOP!  color: red; font-size:40px @ https://blaze.bet.br/static/js/index~1.5ce30184.js:0
[    9942ms] [LOG] %c This is a browser feature intended for developers. If someone told you to copy and paste something here to enable a Blaze feature or 'hack' someone's account, it is a scam and will give them access to your Blaze account.  color: white; font-size:18px @ https://blaze.bet.br/static/js/index~1.5ce30184.js:0
[    9942ms] [LOG] %c PARE!  color: red; font-size:40px @ https://blaze.bet.br/static/js/index~1.5ce30184.js:0
[    9942ms] [LOG] %c Este é um recurso do navegador destinado a desenvolvedores. Se alguém lhe disser para copiar e colar algo aqui para habilitar um recurso do Blaze ou 'hackear' a conta de alguém, isso é uma farsa e dará acesso à sua conta do Blaze.  color: white; font-size:18px @ https://blaze.bet.br/static/js/index~1.5ce30184.js:0
[   10525ms] [LOG] [Blaze] Client version: 7a90c1300, Server version: 2.2125.1-master.949 @ https://blaze.bet.br/static/js/index~5.0ac7916d.js:0
[   11040ms] [ERROR] Failed to find a valid digest in the 'integrity' attribute for resource 'https://scripts.prdredir.com/scripts/px_blaze.js' with computed SHA-384 integrity '12GJeCwmDGVmfmUnpsBihbEZqP3aYVH87VP4cegA9/2VKVuT69/6EWcyvJfUVKvG'. The resource has been blocked. @ https://blaze.bet.br/pt/:0
[   11895ms] [ERROR] Failed to load resource: the server responded with a status of 404 () @ https://manager.eu.smartlook.cloud/rec/setup-recording/website:0
[   12198ms] [WARNING] [Smartlook] Smartlook not recording. Reason: Project not found {status: 404, error: not_found, code: project_not_found, message: Project not found} @ https://blaze.bet.br/static/js/vendors-67.0160babc.js:0
[   12226ms] [ERROR] Failed to load resource: net::ERR_NAME_NOT_RESOLVED @ https://57480b3a-210d-44bb-b1a0-4250411bf3c3.snippet.antillephone.com/apg-seal.js:0
[   12528ms] [ERROR] Failed to load resource: the server responded with a status of 404 () @ https://blaze.bet.br/betbr-blaze-prodmanifest.json:0
[   12528ms] [ERROR] Manifest fetch from https://blaze.bet.br/betbr-blaze-prodmanifest.json failed, code 404 @ https://blaze.bet.br/pt/:0
[   13103ms] [WARNING] [Meta pixel] 1833116983915401 is unavailable on this website due to it's traffic permission settings. Go to https://www.facebook.com/business/help/572690630080597 to learn more. @ https://blaze.bet.br/static/js/vendors-67.0160babc.js:0
[   13209ms] [LOG] false false false null @ https://blaze.bet.br/static/js/vendors-67.0160babc.js:0
[   13239ms] [LOG] %c STOP!  color: red; font-size:40px @ https://blaze.bet.br/static/js/index~1.5ce30184.js:0
[   13239ms] [LOG] %c This is a browser feature intended for developers. If someone told you to copy and paste something here to enable a Blaze feature or 'hack' someone's account, it is a scam and will give them access to your Blaze account.  color: white; font-size:18px @ https://blaze.bet.br/static/js/index~1.5ce30184.js:0
[   13239ms] [LOG] %c PARE!  color: red; font-size:40px @ https://blaze.bet.br/static/js/index~1.5ce30184.js:0
[   13240ms] [LOG] %c Este é um recurso do navegador destinado a desenvolvedores. Se alguém lhe disser para copiar e colar algo aqui para habilitar um recurso do Blaze ou 'hackear' a conta de alguém, isso é uma farsa e dará acesso à sua conta do Blaze.  color: white; font-size:18px @ https://blaze.bet.br/static/js/index~1.5ce30184.js:0
[   13359ms] [ERROR] Failed to load resource: the server responded with a status of 451 () @ https://idsync.rlcdn.com/398366.gif?partner_uid=8186948672200150385:0
[   13783ms] [LOG] Dispatch Kwaiq registration contentView. @ https://blaze.bet.br/static/js/vendors-67.0160babc.js:0
[   14058ms] [LOG] [Blaze] Client version: 7a90c1300, Server version: 2.2125.1-master.949 @ https://blaze.bet.br/static/js/index~5.0ac7916d.js:0
[   14248ms] [LOG] %c STOP!  color: red; font-size:40px @ https://blaze.bet.br/static/js/index~1.5ce30184.js:0
[   14248ms] [LOG] %c This is a browser feature intended for developers. If someone told you to copy and paste something here to enable a Blaze feature or 'hack' someone's account, it is a scam and will give them access to your Blaze account.  color: white; font-size:18px @ https://blaze.bet.br/static/js/index~1.5ce30184.js:0
[   14248ms] [LOG] %c PARE!  color: red; font-size:40px @ https://blaze.bet.br/static/js/index~1.5ce30184.js:0
[   14248ms] [LOG] %c Este é um recurso do navegador destinado a desenvolvedores. Se alguém lhe disser para copiar e colar algo aqui para habilitar um recurso do Blaze ou 'hackear' a conta de alguém, isso é uma farsa e dará acesso à sua conta do Blaze.  color: white; font-size:18px @ https://blaze.bet.br/static/js/index~1.5ce30184.js:0
[   14917ms] [ERROR] Failed to find a valid digest in the 'integrity' attribute for resource 'https://scripts.prdredir.com/scripts/px_blaze.js' with computed SHA-384 integrity '12GJeCwmDGVmfmUnpsBihbEZqP3aYVH87VP4cegA9/2VKVuT69/6EWcyvJfUVKvG'. The resource has been blocked. @ https://blaze.bet.br/pt/?cxd=52265_835356&affid=52265:0
[   15201ms] [LOG] [Blaze] Client version: 7a90c1300, Server version: 2.2125.1-master.949 @ https://blaze.bet.br/static/js/index~5.0ac7916d.js:0
[   15525ms] [WARNING] [Meta pixel] 1833116983915401 is unavailable on this website due to it's traffic permission settings. Go to https://www.facebook.com/business/help/572690630080597 to learn more. @ https://blaze.bet.br/static/js/vendors-67.0160babc.js:0
[   15883ms] [ERROR] Failed to load resource: net::ERR_NAME_NOT_RESOLVED @ https://57480b3a-210d-44bb-b1a0-4250411bf3c3.snippet.antillephone.com/apg-seal.js:0
[   16747ms] [WARNING] [Meta pixel] 1833116983915401 is unavailable on this website due to it's traffic permission settings. Go to https://www.facebook.com/business/help/572690630080597 to learn more. @ https://blaze.bet.br/static/js/vendors-67.0160babc.js:0
[   16815ms] [LOG] false false false null @ https://blaze.bet.br/static/js/vendors-67.0160babc.js:0
[   16836ms] [LOG] %c STOP!  color: red; font-size:40px @ https://blaze.bet.br/static/js/index~1.5ce30184.js:0
[   16837ms] [LOG] %c This is a browser feature intended for developers. If someone told you to copy and paste something here to enable a Blaze feature or 'hack' someone's account, it is a scam and will give them access to your Blaze account.  color: white; font-size:18px @ https://blaze.bet.br/static/js/index~1.5ce30184.js:0
[   16837ms] [LOG] %c PARE!  color: red; font-size:40px @ https://blaze.bet.br/static/js/index~1.5ce30184.js:0
[   16837ms] [LOG] %c Este é um recurso do navegador destinado a desenvolvedores. Se alguém lhe disser para copiar e colar algo aqui para habilitar um recurso do Blaze ou 'hackear' a conta de alguém, isso é uma farsa e dará acesso à sua conta do Blaze.  color: white; font-size:18px @ https://blaze.bet.br/static/js/index~1.5ce30184.js:0
[   17448ms] [WARNING] [Meta pixel] 1833116983915401 is unavailable on this website due to it's traffic permission settings. Go to https://www.facebook.com/business/help/572690630080597 to learn more. @ https://blaze.bet.br/static/js/vendors-67.0160babc.js:0
[   17489ms] [ERROR] Failed to find a valid digest in the 'integrity' attribute for resource 'https://scripts.prdredir.com/scripts/px_blaze.js' with computed SHA-384 integrity '12GJeCwmDGVmfmUnpsBihbEZqP3aYVH87VP4cegA9/2VKVuT69/6EWcyvJfUVKvG'. The resource has been blocked. @ https://blaze.bet.br/pt/?cxd=52265_835356&affid=52265:0
[   17669ms] [LOG] Dispatch Kwaiq registration contentView. @ https://blaze.bet.br/static/js/vendors-67.0160babc.js:0
[   17936ms] [LOG] [Blaze] Client version: 7a90c1300, Server version: 2.2125.1-master.949 @ https://blaze.bet.br/static/js/index~5.0ac7916d.js:0
[   18127ms] [LOG] %c STOP!  color: red; font-size:40px @ https://blaze.bet.br/static/js/index~1.5ce30184.js:0
[   18127ms] [LOG] %c This is a browser feature intended for developers. If someone told you to copy and paste something here to enable a Blaze feature or 'hack' someone's account, it is a scam and will give them access to your Blaze account.  color: white; font-size:18px @ https://blaze.bet.br/static/js/index~1.5ce30184.js:0
[   18127ms] [LOG] %c PARE!  color: red; font-size:40px @ https://blaze.bet.br/static/js/index~1.5ce30184.js:0
[   18128ms] [LOG] %c Este é um recurso do navegador destinado a desenvolvedores. Se alguém lhe disser para copiar e colar algo aqui para habilitar um recurso do Blaze ou 'hackear' a conta de alguém, isso é uma farsa e dará acesso à sua conta do Blaze.  color: white; font-size:18px @ https://blaze.bet.br/static/js/index~1.5ce30184.js:0
[   19105ms] [LOG] [Blaze] Client version: 7a90c1300, Server version: 2.2125.1-master.949 @ https://blaze.bet.br/static/js/index~5.0ac7916d.js:0
[   19491ms] [ERROR] Failed to load resource: net::ERR_NAME_NOT_RESOLVED @ https://57480b3a-210d-44bb-b1a0-4250411bf3c3.snippet.antillephone.com/apg-seal.js:0
[   19693ms] [ERROR] Failed to load resource: the server responded with a status of 404 () @ https://manager.eu.smartlook.cloud/rec/log/cc7193b5fcf2a9e8693683a2f61f65cf72e21895:0
[   20485ms] [WARNING] [Meta pixel] 1833116983915401 is unavailable on this website due to it's traffic permission settings. Go to https://www.facebook.com/business/help/572690630080597 to learn more. @ https://blaze.bet.br/static/js/vendors-67.0160babc.js:0
[   20551ms] [LOG] false false false null @ https://blaze.bet.br/static/js/vendors-67.0160babc.js:0
[   20568ms] [LOG] %c STOP!  color: red; font-size:40px @ https://blaze.bet.br/static/js/index~1.5ce30184.js:0
[   20568ms] [LOG] %c This is a browser feature intended for developers. If someone told you to copy and paste something here to enable a Blaze feature or 'hack' someone's account, it is a scam and will give them access to your Blaze account.  color: white; font-size:18px @ https://blaze.bet.br/static/js/index~1.5ce30184.js:0
[   20568ms] [LOG] %c PARE!  color: red; font-size:40px @ https://blaze.bet.br/static/js/index~1.5ce30184.js:0
[   20568ms] [LOG] %c Este é um recurso do navegador destinado a desenvolvedores. Se alguém lhe disser para copiar e colar algo aqui para habilitar um recurso do Blaze ou 'hackear' a conta de alguém, isso é uma farsa e dará acesso à sua conta do Blaze.  color: white; font-size:18px @ https://blaze.bet.br/static/js/index~1.5ce30184.js:0
[   21242ms] [WARNING] [Meta pixel] 1833116983915401 is unavailable on this website due to it's traffic permission settings. Go to https://www.facebook.com/business/help/572690630080597 to learn more. @ https://blaze.bet.br/static/js/vendors-67.0160babc.js:0
[   21512ms] [ERROR] Failed to find a valid digest in the 'integrity' attribute for resource 'https://scripts.prdredir.com/scripts/px_blaze.js' with computed SHA-384 integrity '12GJeCwmDGVmfmUnpsBihbEZqP3aYVH87VP4cegA9/2VKVuT69/6EWcyvJfUVKvG'. The resource has been blocked. @ https://blaze.bet.br/pt/?cxd=52265_835356&affid=52265:0
[   21624ms] [LOG] Dispatch Kwaiq registration contentView. @ https://blaze.bet.br/static/js/vendors-67.0160babc.js:0
[   21916ms] [LOG] [Blaze] Client version: 7a90c1300, Server version: 2.2125.1-master.949 @ https://blaze.bet.br/static/js/index~5.0ac7916d.js:0
[   22121ms] [LOG] %c STOP!  color: red; font-size:40px @ https://blaze.bet.br/static/js/index~1.5ce30184.js:0
[   22122ms] [LOG] %c This is a browser feature intended for developers. If someone told you to copy and paste something here to enable a Blaze feature or 'hack' someone's account, it is a scam and will give them access to your Blaze account.  color: white; font-size:18px @ https://blaze.bet.br/static/js/index~1.5ce30184.js:0
[   22122ms] [LOG] %c PARE!  color: red; font-size:40px @ https://blaze.bet.br/static/js/index~1.5ce30184.js:0
[   22122ms] [LOG] %c Este é um recurso do navegador destinado a desenvolvedores. Se alguém lhe disser para copiar e colar algo aqui para habilitar um recurso do Blaze ou 'hackear' a conta de alguém, isso é uma farsa e dará acesso à sua conta do Blaze.  color: white; font-size:18px @ https://blaze.bet.br/static/js/index~1.5ce30184.js:0
[   23164ms] [LOG] [Blaze] Client version: 7a90c1300, Server version: 2.2125.1-master.949 @ https://blaze.bet.br/static/js/index~5.0ac7916d.js:0
[   54694ms] [LOG] Dispatch Kwaiq registration contentView. @ https://blaze.bet.br/static/js/vendors-67.0160babc.js:0
[   54717ms] [LOG] false false false auth @ https://blaze.bet.br/static/js/vendors-67.0160babc.js:0
[   54942ms] [VERBOSE] [DOM] Input elements should have autocomplete attributes (suggested: "current-password"): (More info: https://goo.gl/9p2vKq) %o @ https://blaze.bet.br/pt/?modal=auth&tab=login:0
[   55239ms] [WARNING] No available adapters. @ https://challenges.cloudflare.com/cdn-cgi/challenge-platform/h/b/turnstile/f/ov2/av0/rch/43cc3/0x4AAAAAABNpvJayiqOm2i7m/dark/fbE/api/normal?lang=auto:0
[   56010ms] [LOG] The next request for the Private Access Token challenge may return a 401 and show a warning in console. @ https://challenges.cloudflare.com/cdn-cgi/challenge-platform/h/b/turnstile/f/ov2/av0/rch/43cc3/0x4AAAAAABNpvJayiqOm2i7m/dark/fbE/api/normal?lang=auto:0
[   56027ms] [ERROR] Failed to load resource: the server responded with a status of 401 () @ https://challenges.cloudflare.com/cdn-cgi/challenge-platform/h/b/pat/a0a958c3ebb31a91/1781272459231/f72f2def4f629ce729c21949354b5fe23440d02013e343fac7415d83e654a005/pWMCl80aPrPZKaC:0
[   56273ms] [LOG] /.*.*=.*/ @ https://challenges.cloudflare.com/cdn-cgi/challenge-platform/h/b/turnstile/f/ov2/av0/rch/43cc3/0x4AAAAAABNpvJayiqOm2i7m/dark/fbE/api/normal?lang=auto:0
[   56274ms] [LOG] /.*.*=.*/ @ https://challenges.cloudflare.com/cdn-cgi/challenge-platform/h/b/turnstile/f/ov2/av0/rch/43cc3/0x4AAAAAABNpvJayiqOm2i7m/dark/fbE/api/normal?lang=auto:0
[   56274ms] [LOG] function () { [native code] } @ https://challenges.cloudflare.com/cdn-cgi/challenge-platform/h/b/turnstile/f/ov2/av0/rch/43cc3/0x4AAAAAABNpvJayiqOm2i7m/dark/fbE/api/normal?lang=auto:0
[   56274ms] [LOG] function () { [native code] } @ https://challenges.cloudflare.com/cdn-cgi/challenge-platform/h/b/turnstile/f/ov2/av0/rch/43cc3/0x4AAAAAABNpvJayiqOm2i7m/dark/fbE/api/normal?lang=auto:0
[   56275ms] [LOG] JSHandle@node @ https://challenges.cloudflare.com/cdn-cgi/challenge-platform/h/b/turnstile/f/ov2/av0/rch/43cc3/0x4AAAAAABNpvJayiqOm2i7m/dark/fbE/api/normal?lang=auto:0
[   56275ms] [LOG] JSHandle@node @ https://challenges.cloudflare.com/cdn-cgi/challenge-platform/h/b/turnstile/f/ov2/av0/rch/43cc3/0x4AAAAAABNpvJayiqOm2i7m/dark/fbE/api/normal?lang=auto:0
[   56276ms] [COUNT] \0: 1 @ https://challenges.cloudflare.com/cdn-cgi/challenge-platform/h/b/turnstile/f/ov2/av0/rch/43cc3/0x4AAAAAABNpvJayiqOm2i7m/dark/fbE/api/normal?lang=auto:0
[   56277ms] [COUNT] \0: 1 @ https://challenges.cloudflare.com/cdn-cgi/challenge-platform/h/b/turnstile/f/ov2/av0/rch/43cc3/0x4AAAAAABNpvJayiqOm2i7m/dark/fbE/api/normal?lang=auto:0
[   56278ms] [DIR]  Error @ https://challenges.cloudflare.com/cdn-cgi/challenge-platform/h/b/turnstile/f/ov2/av0/rch/43cc3/0x4AAAAAABNpvJayiqOm2i7m/dark/fbE/api/normal?lang=auto:0
[   56279ms] [DIR]  Error @ https://challenges.cloudflare.com/cdn-cgi/challenge-platform/h/b/turnstile/f/ov2/av0/rch/43cc3/0x4AAAAAABNpvJayiqOm2i7m/dark/fbE/api/normal?lang=auto:0
[   56279ms] [DIRXML] %c%d font-size:0;color:transparent Error @ https://challenges.cloudflare.com/cdn-cgi/challenge-platform/h/b/turnstile/f/ov2/av0/rch/43cc3/0x4AAAAAABNpvJayiqOm2i7m/dark/fbE/api/normal?lang=auto:0
[   56279ms] [DIRXML] %c%d font-size:0;color:transparent Error @ https://challenges.cloudflare.com/cdn-cgi/challenge-platform/h/b/turnstile/f/ov2/av0/rch/43cc3/0x4AAAAAABNpvJayiqOm2i7m/dark/fbE/api/normal?lang=auto:0
[   56280ms] [ERROR] %c%d font-size:0;color:transparent NaN @ https://challenges.cloudflare.com/cdn-cgi/challenge-platform/h/b/turnstile/f/ov2/av0/rch/43cc3/0x4AAAAAABNpvJayiqOm2i7m/dark/fbE/api/normal?lang=auto:0
[   56280ms] [ERROR] %c%d font-size:0;color:transparent NaN @ https://challenges.cloudflare.com/cdn-cgi/challenge-platform/h/b/turnstile/f/ov2/av0/rch/43cc3/0x4AAAAAABNpvJayiqOm2i7m/dark/fbE/api/normal?lang=auto:0
[   56281ms] [INFO] %c%d font-size:0;color:transparent NaN @ https://challenges.cloudflare.com/cdn-cgi/challenge-platform/h/b/turnstile/f/ov2/av0/rch/43cc3/0x4AAAAAABNpvJayiqOm2i7m/dark/fbE/api/normal?lang=auto:0
[   56281ms] [INFO] %c%d font-size:0;color:transparent NaN @ https://challenges.cloudflare.com/cdn-cgi/challenge-platform/h/b/turnstile/f/ov2/av0/rch/43cc3/0x4AAAAAABNpvJayiqOm2i7m/dark/fbE/api/normal?lang=auto:0
[   56281ms] [LOG] %c%d font-size:0;color:transparent NaN @ https://challenges.cloudflare.com/cdn-cgi/challenge-platform/h/b/turnstile/f/ov2/av0/rch/43cc3/0x4AAAAAABNpvJayiqOm2i7m/dark/fbE/api/normal?lang=auto:0
[   56281ms] [LOG] %c%d font-size:0;color:transparent NaN @ https://challenges.cloudflare.com/cdn-cgi/challenge-platform/h/b/turnstile/f/ov2/av0/rch/43cc3/0x4AAAAAABNpvJayiqOm2i7m/dark/fbE/api/normal?lang=auto:0
[   56282ms] [TABLE] %c%d font-size:0;color:transparent Error @ https://challenges.cloudflare.com/cdn-cgi/challenge-platform/h/b/turnstile/f/ov2/av0/rch/43cc3/0x4AAAAAABNpvJayiqOm2i7m/dark/fbE/api/normal?lang=auto:0
[   56282ms] [TABLE] %c%d font-size:0;color:transparent Error @ https://challenges.cloudflare.com/cdn-cgi/challenge-platform/h/b/turnstile/f/ov2/av0/rch/43cc3/0x4AAAAAABNpvJayiqOm2i7m/dark/fbE/api/normal?lang=auto:0
[   56283ms] [WARNING] %c%d font-size:0;color:transparent NaN @ https://challenges.cloudflare.com/cdn-cgi/challenge-platform/h/b/turnstile/f/ov2/av0/rch/43cc3/0x4AAAAAABNpvJayiqOm2i7m/dark/fbE/api/normal?lang=auto:0
[   56284ms] [WARNING] %c%d font-size:0;color:transparent NaN @ https://challenges.cloudflare.com/cdn-cgi/challenge-platform/h/b/turnstile/f/ov2/av0/rch/43cc3/0x4AAAAAABNpvJayiqOm2i7m/dark/fbE/api/normal?lang=auto:0
[   56379ms] [ERROR] This document requires 'TrustedScript' assignment. The action has been blocked. @ https://challenges.cloudflare.com/cdn-cgi/challenge-platform/h/b/turnstile/f/ov2/av0/rch/43cc3/0x4AAAAAABNpvJayiqOm2i7m/dark/fbE/api/normal?lang=auto:0
[   56379ms] [ERROR] This document requires 'TrustedScript' assignment. The action has been blocked. @ https://challenges.cloudflare.com/cdn-cgi/challenge-platform/h/b/turnstile/f/ov2/av0/rch/43cc3/0x4AAAAAABNpvJayiqOm2i7m/dark/fbE/api/normal?lang=auto:0
[   60357ms] [WARNING] The resource https://challenges.cloudflare.com/cdn-cgi/challenge-platform/h/b/cmg/1 was preloaded using link preload but not used within a few seconds from the window's load event. Please make sure it has an appropriate `as` value and it is preloaded intentionally. @ https://challenges.cloudflare.com/cdn-cgi/challenge-platform/h/b/turnstile/f/ov2/av0/rch/43cc3/0x4AAAAAABNpvJayiqOm2i7m/dark/fbE/api/normal?lang=auto:0
[   72056ms] [ERROR] Failed to load resource: the server responded with a status of 422 () @ https://blaze.bet.br/api/auth/password?analyticSessionID=:0
[   72493ms] [ERROR] Failed to load resource: net::ERR_NAME_NOT_RESOLVED @ https://57480b3a-210d-44bb-b1a0-4250411bf3c3.snippet.antillephone.com/apg-seal.js:0
[   72820ms] [LOG] false false false null @ https://blaze.bet.br/static/js/vendors-67.0160babc.js:0
[   72836ms] [LOG] %c STOP!  color: red; font-size:40px @ https://blaze.bet.br/static/js/index~1.5ce30184.js:0
[   72836ms] [LOG] %c This is a browser feature intended for developers. If someone told you to copy and paste something here to enable a Blaze feature or 'hack' someone's account, it is a scam and will give them access to your Blaze account.  color: white; font-size:18px @ https://blaze.bet.br/static/js/index~1.5ce30184.js:0
[   72836ms] [LOG] %c PARE!  color: red; font-size:40px @ https://blaze.bet.br/static/js/index~1.5ce30184.js:0
[   72837ms] [LOG] %c Este é um recurso do navegador destinado a desenvolvedores. Se alguém lhe disser para copiar e colar algo aqui para habilitar um recurso do Blaze ou 'hackear' a conta de alguém, isso é uma farsa e dará acesso à sua conta do Blaze.  color: white; font-size:18px @ https://blaze.bet.br/static/js/index~1.5ce30184.js:0
[   73032ms] [ERROR] Failed to load resource: the server responded with a status of 404 () @ https://blaze.bet.br/betbr-blaze-prodmanifest.json:0
[   73032ms] [ERROR] Manifest fetch from https://blaze.bet.br/betbr-blaze-prodmanifest.json failed, code 404 @ https://blaze.bet.br/pt/suspended?message=self_excluded_account_suspended&buttonType=contact_support:0
[   73107ms] [LOG] Dispatch Kwaiq registration contentView. @ https://blaze.bet.br/static/js/vendors-67.0160babc.js:0
[   73329ms] [LOG] [Blaze] Client version: 7a90c1300, Server version: 2.2125.1-master.949 @ https://blaze.bet.br/static/js/index~5.0ac7916d.js:0
[   73466ms] [LOG] %c STOP!  color: red; font-size:40px @ https://blaze.bet.br/static/js/index~1.5ce30184.js:0
[   73466ms] [LOG] %c This is a browser feature intended for developers. If someone told you to copy and paste something here to enable a Blaze feature or 'hack' someone's account, it is a scam and will give them access to your Blaze account.  color: white; font-size:18px @ https://blaze.bet.br/static/js/index~1.5ce30184.js:0
[   73467ms] [LOG] %c PARE!  color: red; font-size:40px @ https://blaze.bet.br/static/js/index~1.5ce30184.js:0
[   73467ms] [LOG] %c Este é um recurso do navegador destinado a desenvolvedores. Se alguém lhe disser para copiar e colar algo aqui para habilitar um recurso do Blaze ou 'hackear' a conta de alguém, isso é uma farsa e dará acesso à sua conta do Blaze.  color: white; font-size:18px @ https://blaze.bet.br/static/js/index~1.5ce30184.js:0
[   74269ms] [LOG] [Blaze] Client version: 7a90c1300, Server version: 2.2125.1-master.949 @ https://blaze.bet.br/static/js/index~5.0ac7916d.js:0
[   74539ms] [ERROR] Failed to find a valid digest in the 'integrity' attribute for resource 'https://scripts.prdredir.com/scripts/px_blaze.js' with computed SHA-384 integrity '12GJeCwmDGVmfmUnpsBihbEZqP3aYVH87VP4cegA9/2VKVuT69/6EWcyvJfUVKvG'. The resource has been blocked. @ https://blaze.bet.br/pt/suspended?message=self_excluded_account_suspended&buttonType=contact_support:0
[   74834ms] [ERROR] Failed to load resource: net::ERR_NAME_NOT_RESOLVED @ https://57480b3a-210d-44bb-b1a0-4250411bf3c3.snippet.antillephone.com/apg-seal.js:0
[   75179ms] [WARNING] [Meta pixel] 1833116983915401 is unavailable on this website due to it's traffic permission settings. Go to https://www.facebook.com/business/help/572690630080597 to learn more. @ https://blaze.bet.br/static/js/vendors-67.0160babc.js:0
[   75186ms] [ERROR] Failed to load resource: the server responded with a status of 404 () @ https://manager.eu.smartlook.cloud/rec/setup-recording/website:0
[   75261ms] [LOG] false false false null @ https://blaze.bet.br/static/js/vendors-67.0160babc.js:0
[   75275ms] [LOG] %c STOP!  color: red; font-size:40px @ https://blaze.bet.br/static/js/index~1.5ce30184.js:0
[   75276ms] [LOG] %c This is a browser feature intended for developers. If someone told you to copy and paste something here to enable a Blaze feature or 'hack' someone's account, it is a scam and will give them access to your Blaze account.  color: white; font-size:18px @ https://blaze.bet.br/static/js/index~1.5ce30184.js:0
[   75276ms] [LOG] %c PARE!  color: red; font-size:40px @ https://blaze.bet.br/static/js/index~1.5ce30184.js:0
[   75276ms] [LOG] %c Este é um recurso do navegador destinado a desenvolvedores. Se alguém lhe disser para copiar e colar algo aqui para habilitar um recurso do Blaze ou 'hackear' a conta de alguém, isso é uma farsa e dará acesso à sua conta do Blaze.  color: white; font-size:18px @ https://blaze.bet.br/static/js/index~1.5ce30184.js:0
[   75730ms] [WARNING] [Meta pixel] 1833116983915401 is unavailable on this website due to it's traffic permission settings. Go to https://www.facebook.com/business/help/572690630080597 to learn more. @ https://blaze.bet.br/static/js/vendors-67.0160babc.js:0
[   75830ms] [ERROR] Failed to find a valid digest in the 'integrity' attribute for resource 'https://scripts.prdredir.com/scripts/px_blaze.js' with computed SHA-384 integrity '12GJeCwmDGVmfmUnpsBihbEZqP3aYVH87VP4cegA9/2VKVuT69/6EWcyvJfUVKvG'. The resource has been blocked. @ https://blaze.bet.br/pt/?cxd=52265_835356&affid=52265:0
[   75934ms] [LOG] Dispatch Kwaiq registration contentView. @ https://blaze.bet.br/static/js/vendors-67.0160babc.js:0
[   76367ms] [LOG] [Blaze] Client version: 7a90c1300, Server version: 2.2125.1-master.949 @ https://blaze.bet.br/static/js/index~5.0ac7916d.js:0
[   76541ms] [LOG] %c STOP!  color: red; font-size:40px @ https://blaze.bet.br/static/js/index~1.5ce30184.js:0
[   76541ms] [LOG] %c This is a browser feature intended for developers. If someone told you to copy and paste something here to enable a Blaze feature or 'hack' someone's account, it is a scam and will give them access to your Blaze account.  color: white; font-size:18px @ https://blaze.bet.br/static/js/index~1.5ce30184.js:0
[   76541ms] [LOG] %c PARE!  color: red; font-size:40px @ https://blaze.bet.br/static/js/index~1.5ce30184.js:0
[   76542ms] [LOG] %c Este é um recurso do navegador destinado a desenvolvedores. Se alguém lhe disser para copiar e colar algo aqui para habilitar um recurso do Blaze ou 'hackear' a conta de alguém, isso é uma farsa e dará acesso à sua conta do Blaze.  color: white; font-size:18px @ https://blaze.bet.br/static/js/index~1.5ce30184.js:0
[   76947ms] [WARNING] [Smartlook] Smartlook not recording. Reason: Project not found {status: 404, error: not_found, code: project_not_found, message: Project not found} @ https://blaze.bet.br/static/js/vendors-67.0160babc.js:0
[   77544ms] [LOG] [Blaze] Client version: 7a90c1300, Server version: 2.2125.1-master.949 @ https://blaze.bet.br/static/js/index~5.0ac7916d.js:0
[   77757ms] [ERROR] Failed to load resource: net::ERR_NAME_NOT_RESOLVED @ https://57480b3a-210d-44bb-b1a0-4250411bf3c3.snippet.antillephone.com/apg-seal.js:0
[   77939ms] [ERROR] Failed to load resource: the server responded with a status of 404 () @ https://blaze.bet.br/betbr-blaze-prodmanifest.json:0
[   77940ms] [ERROR] Manifest fetch from https://blaze.bet.br/betbr-blaze-prodmanifest.json failed, code 404 @ https://blaze.bet.br/pt/suspended?message=self_excluded_account_suspended&buttonType=contact_support:0
[   78396ms] [WARNING] [Meta pixel] 1833116983915401 is unavailable on this website due to it's traffic permission settings. Go to https://www.facebook.com/business/help/572690630080597 to learn more. @ https://blaze.bet.br/static/js/vendors-67.0160babc.js:0
[   78461ms] [LOG] false false false null @ https://blaze.bet.br/static/js/vendors-67.0160babc.js:0
[   78475ms] [LOG] %c STOP!  color: red; font-size:40px @ https://blaze.bet.br/static/js/index~1.5ce30184.js:0
[   78476ms] [LOG] %c This is a browser feature intended for developers. If someone told you to copy and paste something here to enable a Blaze feature or 'hack' someone's account, it is a scam and will give them access to your Blaze account.  color: white; font-size:18px @ https://blaze.bet.br/static/js/index~1.5ce30184.js:0
[   78476ms] [LOG] %c PARE!  color: red; font-size:40px @ https://blaze.bet.br/static/js/index~1.5ce30184.js:0
[   78476ms] [LOG] %c Este é um recurso do navegador destinado a desenvolvedores. Se alguém lhe disser para copiar e colar algo aqui para habilitar um recurso do Blaze ou 'hackear' a conta de alguém, isso é uma farsa e dará acesso à sua conta do Blaze.  color: white; font-size:18px @ https://blaze.bet.br/static/js/index~1.5ce30184.js:0
[   78997ms] [WARNING] [Meta pixel] 1833116983915401 is unavailable on this website due to it's traffic permission settings. Go to https://www.facebook.com/business/help/572690630080597 to learn more. @ https://blaze.bet.br/static/js/vendors-67.0160babc.js:0
[   79161ms] [ERROR] Failed to find a valid digest in the 'integrity' attribute for resource 'https://scripts.prdredir.com/scripts/px_blaze.js' with computed SHA-384 integrity '12GJeCwmDGVmfmUnpsBihbEZqP3aYVH87VP4cegA9/2VKVuT69/6EWcyvJfUVKvG'. The resource has been blocked. @ https://blaze.bet.br/pt/?cxd=52265_835356&affid=52265:0
[   79273ms] [LOG] Dispatch Kwaiq registration contentView. @ https://blaze.bet.br/static/js/vendors-67.0160babc.js:0
[   79583ms] [LOG] [Blaze] Client version: 7a90c1300, Server version: 2.2125.1-master.949 @ https://blaze.bet.br/static/js/index~5.0ac7916d.js:0
[   79759ms] [LOG] %c STOP!  color: red; font-size:40px @ https://blaze.bet.br/static/js/index~1.5ce30184.js:0
[   79759ms] [LOG] %c This is a browser feature intended for developers. If someone told you to copy and paste something here to enable a Blaze feature or 'hack' someone's account, it is a scam and will give them access to your Blaze account.  color: white; font-size:18px @ https://blaze.bet.br/static/js/index~1.5ce30184.js:0
[   79759ms] [LOG] %c PARE!  color: red; font-size:40px @ https://blaze.bet.br/static/js/index~1.5ce30184.js:0
[   79759ms] [LOG] %c Este é um recurso do navegador destinado a desenvolvedores. Se alguém lhe disser para copiar e colar algo aqui para habilitar um recurso do Blaze ou 'hackear' a conta de alguém, isso é uma farsa e dará acesso à sua conta do Blaze.  color: white; font-size:18px @ https://blaze.bet.br/static/js/index~1.5ce30184.js:0
[   80660ms] [LOG] [Blaze] Client version: 7a90c1300, Server version: 2.2125.1-master.949 @ https://blaze.bet.br/static/js/index~5.0ac7916d.js:0
[   82582ms] [ERROR] Failed to load resource: the server responded with a status of 404 () @ https://manager.eu.smartlook.cloud/rec/log/cc7193b5fcf2a9e8693683a2f61f65cf72e21895:0
